<?xml version="1.0" encoding="UTF-8"?>
<!-- Generated by org.testng.reporters.JUnitXMLReporter -->
<testsuite ignored="0" hostname="Prathapreddy" failures="1" tests="1" name="Test" time="49.904" errors="0" timestamp="2023-03-23T12:50:39 IST">
  <testcase classname="vTiger.contactsTest.CreateContactwithOrganizationTest" name="Createcontactwithorganization_TC_01" time="49.834">
    <failure type="java.lang.AssertionError" message="null">
      <![CDATA[java.lang.AssertionError: null
at vTiger.contactsTest.CreateContactwithOrganizationTest.Createcontactwithorganization_TC_01(CreateContactwithOrganizationTest.java:134)
at java.base/java.util.ArrayList.forEach(ArrayList.java:1511)
... Removed 29 stack frames]]>
    </failure>
  </testcase> <!-- Createcontactwithorganization_TC_01 -->
</testsuite> <!-- Test -->
